<?xml version="1.0" encoding="UTF-8" ?>
<testsuite tests="14" failures="0" name="baza.slodycz.SlodyczTest" time="0.003" errors="0" skipped="0">
  <properties>
[...]
</properties>
  <testcase classname="baza.slodycz.SlodyczTest" name="renameNullOpisTest" time="0.001"/>
  <testcase classname="baza.slodycz.SlodyczTest" name="changeSlodyczAssertDescriptionWithNoObjectTest" time="0"/>
  <testcase classname="baza.slodycz.SlodyczTest" name="deleteNullSlodyczTest" time="0"/>
  <testcase classname="baza.slodycz.SlodyczTest" name="createSingleObjectTest" time="0.001"/>
  <testcase classname="baza.slodycz.SlodyczTest" name="createObjectTest" time="0"/>
  <testcase classname="baza.slodycz.SlodyczTest" name="createSingleSlodyczTest" time="0.001"/>
  <testcase classname="baza.slodycz.SlodyczTest" name="changeSlodyczAssertIdTest" time="0"/>
  <testcase classname="baza.slodycz.SlodyczTest" name="changeSlodyczAssertNameWithNoObjectTest" time="0"/>
  <testcase classname="baza.slodycz.SlodyczTest" name="addEmptyObjectToDatabase" time="0"/>
  <testcase classname="baza.slodycz.SlodyczTest" name="addObjectToDatabase" time="0"/>
  <testcase classname="baza.slodycz.SlodyczTest" name="renameAssertNazwaTest" time="0"/>
  <testcase classname="baza.slodycz.SlodyczTest" name="changeSlodyczAssertIdWithNoObjectTest" time="0"/>
  <testcase classname="baza.slodycz.SlodyczTest" name="renameAssertOpisTest" time="0"/>
  <testcase classname="baza.slodycz.SlodyczTest" name="renameNazwaNullTest" time="0"/>
</testsuite>