<?xml version="1.0" encoding="UTF-8" ?>
<testsuite tests="18" failures="0" name="baza.slodycz.SlodyczTest" time="0.009" errors="0" skipped="0">
  <properties>
[...]
</properties>
  <testcase classname="baza.slodycz.SlodyczTest" name="deleteSlodyczTest" time="0.004"/>
  <testcase classname="baza.slodycz.SlodyczTest" name="changeSlodyczAssertDescriptionWithNoObjectTest" time="0"/>
  <testcase classname="baza.slodycz.SlodyczTest" name="createSingleObjectTest" time="0.001"/>
  <testcase classname="baza.slodycz.SlodyczTest" name="getSingleObjectTest" time="0.001"/>
  <testcase classname="baza.slodycz.SlodyczTest" name="renameSlodyczAssertNazwaTest" time="0"/>
  <testcase classname="baza.slodycz.SlodyczTest" name="deleteSlodyczAssertTest" time="0.001"/>
  <testcase classname="baza.slodycz.SlodyczTest" name="createObjectTest" time="0"/>
  <testcase classname="baza.slodycz.SlodyczTest" name="renameSlodyczAssertOpisTest" time="0"/>
  <testcase classname="baza.slodycz.SlodyczTest" name="createSingleSlodyczTest" time="0"/>
  <testcase classname="baza.slodycz.SlodyczTest" name="changeSlodyczAssertIdTest" time="0.001"/>
  <testcase classname="baza.slodycz.SlodyczTest" name="renameSlodyczNullOpisTest" time="0"/>
  <testcase classname="baza.slodycz.SlodyczTest" name="changeSlodyczAssertNameWithNoObjectTest" time="0"/>
  <testcase classname="baza.slodycz.SlodyczTest" name="renameSlodyczNazwaNullTest" time="0.001"/>
  <testcase classname="baza.slodycz.SlodyczTest" name="addEmptyObjectToDatabase" time="0"/>
  <testcase classname="baza.slodycz.SlodyczTest" name="addObjectToDatabase" time="0"/>
  <testcase classname="baza.slodycz.SlodyczTest" name="changeSlodyczAssertIdWithNoObjectTest" time="0"/>
  <testcase classname="baza.slodycz.SlodyczTest" name="deletesingleSlodyczTest" time="0"/>
  <testcase classname="baza.slodycz.SlodyczTest" name="getListOfObjectsFromDatabaseNotNullTest" time="0"/>
</testsuite>